{"total": {"lines":{"total":335,"covered":325,"skipped":0,"pct":97.01},"statements":{"total":347,"covered":337,"skipped":0,"pct":97.11},"functions":{"total":79,"covered":74,"skipped":0,"pct":93.67},"branches":{"total":133,"covered":118,"skipped":0,"pct":88.72},"branchesTrue":{"total":0,"covered":0,"skipped":0,"pct":100}}
,"C:\\dev\\codepilot-backend-test\\src\\app.js": {"lines":{"total":25,"covered":23,"skipped":0,"pct":92},"functions":{"total":3,"covered":1,"skipped":0,"pct":33.33},"statements":{"total":25,"covered":23,"skipped":0,"pct":92},"branches":{"total":0,"covered":0,"skipped":0,"pct":100}}
,"C:\\dev\\codepilot-backend-test\\src\\middleware\\asyncHandler.js": {"lines":{"total":3,"covered":3,"skipped":0,"pct":100},"functions":{"total":2,"covered":2,"skipped":0,"pct":100},"statements":{"total":4,"covered":4,"skipped":0,"pct":100},"branches":{"total":0,"covered":0,"skipped":0,"pct":100}}
,"C:\\dev\\codepilot-backend-test\\src\\middleware\\errorHandler.js": {"lines":{"total":10,"covered":9,"skipped":0,"pct":90},"functions":{"total":1,"covered":1,"skipped":0,"pct":100},"statements":{"total":10,"covered":9,"skipped":0,"pct":90},"branches":{"total":2,"covered":1,"skipped":0,"pct":50}}
,"C:\\dev\\codepilot-backend-test\\src\\modules\\auth\\auth.controller.js": {"lines":{"total":14,"covered":14,"skipped":0,"pct":100},"functions":{"total":3,"covered":3,"skipped":0,"pct":100},"statements":{"total":14,"covered":14,"skipped":0,"pct":100},"branches":{"total":0,"covered":0,"skipped":0,"pct":100}}
,"C:\\dev\\codepilot-backend-test\\src\\modules\\auth\\auth.middleware.js": {"lines":{"total":13,"covered":13,"skipped":0,"pct":100},"functions":{"total":1,"covered":1,"skipped":0,"pct":100},"statements":{"total":13,"covered":13,"skipped":0,"pct":100},"branches":{"total":4,"covered":4,"skipped":0,"pct":100}}
,"C:\\dev\\codepilot-backend-test\\src\\modules\\auth\\auth.routes.js": {"lines":{"total":8,"covered":8,"skipped":0,"pct":100},"functions":{"total":0,"covered":0,"skipped":0,"pct":100},"statements":{"total":8,"covered":8,"skipped":0,"pct":100},"branches":{"total":0,"covered":0,"skipped":0,"pct":100}}
,"C:\\dev\\codepilot-backend-test\\src\\modules\\auth\\auth.service.js": {"lines":{"total":44,"covered":44,"skipped":0,"pct":100},"functions":{"total":12,"covered":12,"skipped":0,"pct":100},"statements":{"total":47,"covered":47,"skipped":0,"pct":100},"branches":{"total":21,"covered":21,"skipped":0,"pct":100}}
,"C:\\dev\\codepilot-backend-test\\src\\modules\\orders\\orders.controller.js": {"lines":{"total":29,"covered":29,"skipped":0,"pct":100},"functions":{"total":6,"covered":6,"skipped":0,"pct":100},"statements":{"total":29,"covered":29,"skipped":0,"pct":100},"branches":{"total":4,"covered":4,"skipped":0,"pct":100}}
,"C:\\dev\\codepilot-backend-test\\src\\modules\\orders\\orders.routes.js": {"lines":{"total":12,"covered":12,"skipped":0,"pct":100},"functions":{"total":0,"covered":0,"skipped":0,"pct":100},"statements":{"total":12,"covered":12,"skipped":0,"pct":100},"branches":{"total":0,"covered":0,"skipped":0,"pct":100}}
,"C:\\dev\\codepilot-backend-test\\src\\modules\\orders\\orders.service.js": {"lines":{"total":74,"covered":74,"skipped":0,"pct":100},"functions":{"total":23,"covered":23,"skipped":0,"pct":100},"statements":{"total":78,"covered":78,"skipped":0,"pct":100},"branches":{"total":36,"covered":36,"skipped":0,"pct":100}}
,"C:\\dev\\codepilot-backend-test\\src\\modules\\products\\products.controller.js": {"lines":{"total":21,"covered":21,"skipped":0,"pct":100},"functions":{"total":5,"covered":5,"skipped":0,"pct":100},"statements":{"total":21,"covered":21,"skipped":0,"pct":100},"branches":{"total":4,"covered":4,"skipped":0,"pct":100}}
,"C:\\dev\\codepilot-backend-test\\src\\modules\\products\\products.routes.js": {"lines":{"total":10,"covered":10,"skipped":0,"pct":100},"functions":{"total":0,"covered":0,"skipped":0,"pct":100},"statements":{"total":10,"covered":10,"skipped":0,"pct":100},"branches":{"total":0,"covered":0,"skipped":0,"pct":100}}
,"C:\\dev\\codepilot-backend-test\\src\\modules\\products\\products.service.js": {"lines":{"total":52,"covered":52,"skipped":0,"pct":100},"functions":{"total":13,"covered":13,"skipped":0,"pct":100},"statements":{"total":56,"covered":56,"skipped":0,"pct":100},"branches":{"total":47,"covered":45,"skipped":0,"pct":95.74}}
,"C:\\dev\\codepilot-backend-test\\src\\utils\\errors.js": {"lines":{"total":10,"covered":9,"skipped":0,"pct":90},"functions":{"total":6,"covered":5,"skipped":0,"pct":83.33},"statements":{"total":10,"covered":9,"skipped":0,"pct":90},"branches":{"total":3,"covered":0,"skipped":0,"pct":0}}
,"C:\\dev\\codepilot-backend-test\\src\\utils\\logger.js": {"lines":{"total":10,"covered":4,"skipped":0,"pct":40},"functions":{"total":4,"covered":2,"skipped":0,"pct":50},"statements":{"total":10,"covered":4,"skipped":0,"pct":40},"branches":{"total":12,"covered":3,"skipped":0,"pct":25}}
}
