TN:
SF:src\app.js
FN:23,(anonymous_0)
FN:29,(anonymous_1)
FN:43,(anonymous_2)
FNF:3
FNH:1
FNDA:220,(anonymous_0)
FNDA:0,(anonymous_1)
FNDA:0,(anonymous_2)
DA:1,4
DA:2,4
DA:3,4
DA:4,4
DA:5,4
DA:8,4
DA:9,4
DA:10,4
DA:12,4
DA:15,4
DA:16,4
DA:19,4
DA:20,4
DA:23,4
DA:24,220
DA:25,220
DA:29,4
DA:30,0
DA:38,4
DA:39,4
DA:40,4
DA:43,4
DA:44,0
DA:51,4
DA:53,4
LF:25
LH:23
BRF:0
BRH:0
end_of_record
TN:
SF:src\middleware\asyncHandler.js
FN:4,(anonymous_0)
FN:4,(anonymous_1)
FNF:2
FNH:2
FNDA:56,(anonymous_0)
FNDA:208,(anonymous_1)
DA:4,56
DA:5,208
DA:8,4
LF:3
LH:3
BRF:0
BRH:0
end_of_record
TN:
SF:src\middleware\errorHandler.js
FN:4,(anonymous_0)
FNF:1
FNH:1
FNDA:27,(anonymous_0)
DA:1,4
DA:2,4
DA:4,4
DA:5,27
DA:6,27
DA:9,27
DA:16,27
DA:17,27
DA:24,0
DA:30,4
LF:10
LH:9
BRDA:16,0,0,27
BRDA:16,0,1,0
BRF:2
BRH:1
end_of_record
TN:
SF:src\modules\auth\auth.controller.js
FN:8,(anonymous_0)
FN:22,(anonymous_1)
FN:36,(anonymous_2)
FNF:3
FNH:3
FNDA:53,(anonymous_0)
FNDA:5,(anonymous_1)
FNDA:3,(anonymous_2)
DA:1,4
DA:2,4
DA:8,4
DA:9,53
DA:10,53
DA:12,51
DA:22,4
DA:23,5
DA:24,5
DA:26,2
DA:36,4
DA:37,3
DA:39,3
DA:45,4
LF:14
LH:14
BRF:0
BRH:0
end_of_record
TN:
SF:src\modules\auth\auth.middleware.js
FN:7,(anonymous_0)
FNF:1
FNH:1
FNDA:144,(anonymous_0)
DA:1,4
DA:2,4
DA:7,4
DA:8,144
DA:10,144
DA:11,144
DA:12,11
DA:15,133
DA:18,133
DA:21,132
DA:22,132
DA:24,12
DA:28,4
LF:13
LH:13
BRDA:11,0,0,11
BRDA:11,0,1,133
BRDA:11,1,0,144
BRDA:11,1,1,133
BRF:4
BRH:4
end_of_record
TN:
SF:src\modules\auth\auth.routes.js
FNF:0
FNH:0
DA:1,4
DA:2,4
DA:3,4
DA:4,4
DA:6,4
DA:7,4
DA:8,4
DA:10,4
LF:8
LH:8
BRF:0
BRH:0
end_of_record
TN:
SF:src\modules\auth\auth.service.js
FN:14,(anonymous_0)
FN:24,(anonymous_1)
FN:31,(anonymous_2)
FN:42,(anonymous_3)
FN:53,(anonymous_4)
FN:60,(anonymous_5)
FN:90,(anonymous_6)
FN:97,(anonymous_7)
FN:119,(anonymous_8)
FN:132,(anonymous_9)
FN:133,(anonymous_10)
FN:139,(anonymous_11)
FNF:12
FNH:12
FNDA:66,(anonymous_0)
FNDA:7,(anonymous_1)
FNDA:66,(anonymous_2)
FNDA:135,(anonymous_3)
FNDA:67,(anonymous_4)
FNDA:5,(anonymous_5)
FNDA:10,(anonymous_6)
FNDA:7,(anonymous_7)
FNDA:5,(anonymous_8)
FNDA:2,(anonymous_9)
FNDA:2,(anonymous_10)
FNDA:72,(anonymous_11)
DA:1,5
DA:2,5
DA:3,5
DA:4,5
DA:5,5
DA:8,5
DA:15,66
DA:16,2
DA:18,64
DA:25,7
DA:32,66
DA:43,135
DA:44,135
DA:46,2
DA:55,67
DA:56,4
DA:60,63
DA:61,63
DA:62,2
DA:66,61
DA:69,61
DA:77,61
DA:80,61
DA:83,61
DA:84,61
DA:92,10
DA:93,3
DA:97,7
DA:98,7
DA:99,2
DA:103,5
DA:104,5
DA:105,2
DA:109,3
DA:112,3
DA:113,3
DA:120,5
DA:121,5
DA:122,1
DA:125,4
DA:126,4
DA:133,2
DA:140,72
DA:144,5
LF:44
LH:44
BRDA:15,0,0,2
BRDA:15,0,1,64
BRDA:15,1,0,66
BRDA:15,1,1,65
BRDA:55,2,0,4
BRDA:55,2,1,63
BRDA:55,3,0,67
BRDA:55,3,1,66
BRDA:55,3,2,64
BRDA:61,4,0,2
BRDA:61,4,1,61
BRDA:92,5,0,3
BRDA:92,5,1,7
BRDA:92,6,0,10
BRDA:92,6,1,9
BRDA:98,7,0,2
BRDA:98,7,1,5
BRDA:104,8,0,2
BRDA:104,8,1,3
BRDA:121,9,0,1
BRDA:121,9,1,4
BRF:21
BRH:21
end_of_record
TN:
SF:src\modules\orders\orders.controller.js
FN:8,(anonymous_0)
FN:24,(anonymous_1)
FN:43,(anonymous_2)
FN:64,(anonymous_3)
FN:78,(anonymous_4)
FN:92,(anonymous_5)
FNF:6
FNH:6
FNDA:29,(anonymous_0)
FNDA:6,(anonymous_1)
FNDA:5,(anonymous_2)
FNDA:7,(anonymous_3)
FNDA:6,(anonymous_4)
FNDA:3,(anonymous_5)
DA:1,4
DA:2,4
DA:8,4
DA:9,29
DA:10,29
DA:12,29
DA:14,27
DA:24,4
DA:25,6
DA:30,6
DA:32,6
DA:43,4
DA:44,5
DA:47,4
DA:48,2
DA:54,2
DA:64,4
DA:65,7
DA:66,7
DA:68,6
DA:78,4
DA:79,6
DA:80,6
DA:82,5
DA:92,4
DA:93,3
DA:94,3
DA:96,3
DA:102,4
LF:29
LH:29
BRDA:26,0,0,6
BRDA:26,0,1,6
BRDA:47,1,0,2
BRDA:47,1,1,2
BRF:4
BRH:4
end_of_record
TN:
SF:src\modules\orders\orders.routes.js
FNF:0
FNH:0
DA:1,4
DA:2,4
DA:3,4
DA:4,4
DA:7,4
DA:9,4
DA:10,4
DA:11,4
DA:12,4
DA:13,4
DA:14,4
DA:16,4
LF:12
LH:12
BRF:0
BRH:0
end_of_record
TN:
SF:src\modules\orders\orders.service.js
FN:20,(anonymous_0)
FN:41,(anonymous_1)
FN:42,(anonymous_2)
FN:51,(anonymous_3)
FN:70,(anonymous_4)
FN:99,(anonymous_5)
FN:104,(anonymous_6)
FN:109,(anonymous_7)
FN:118,(anonymous_8)
FN:129,(anonymous_9)
FN:130,(anonymous_10)
FN:136,(anonymous_11)
FN:159,(anonymous_12)
FN:187,(anonymous_13)
FN:191,(anonymous_14)
FN:196,(anonymous_15)
FN:197,(anonymous_16)
FN:198,(anonymous_17)
FN:199,(anonymous_18)
FN:200,(anonymous_19)
FN:202,(anonymous_20)
FN:203,(anonymous_21)
FN:210,(anonymous_22)
FNF:23
FNH:23
FNDA:63,(anonymous_0)
FNDA:58,(anonymous_1)
FNDA:61,(anonymous_2)
FNDA:61,(anonymous_3)
FNDA:59,(anonymous_4)
FNDA:10,(anonymous_5)
FNDA:14,(anonymous_6)
FNDA:5,(anonymous_7)
FNDA:36,(anonymous_8)
FNDA:1,(anonymous_9)
FNDA:3,(anonymous_10)
FNDA:16,(anonymous_11)
FNDA:13,(anonymous_12)
FNDA:5,(anonymous_13)
FNDA:7,(anonymous_14)
FNDA:9,(anonymous_15)
FNDA:9,(anonymous_16)
FNDA:9,(anonymous_17)
FNDA:9,(anonymous_18)
FNDA:9,(anonymous_19)
FNDA:9,(anonymous_20)
FNDA:6,(anonymous_21)
FNDA:54,(anonymous_22)
DA:1,5
DA:2,5
DA:3,5
DA:6,5
DA:8,5
DA:21,63
DA:22,2
DA:25,61
DA:26,65
DA:27,1
DA:31,64
DA:32,63
DA:33,2
DA:42,58
DA:43,61
DA:44,61
DA:53,61
DA:54,1
DA:57,60
DA:58,2
DA:61,58
DA:64,56
DA:67,56
DA:71,59
DA:72,59
DA:88,56
DA:89,59
DA:92,56
DA:93,56
DA:100,10
DA:103,10
DA:104,14
DA:108,10
DA:109,5
DA:112,10
DA:119,36
DA:120,36
DA:121,2
DA:123,34
DA:130,3
DA:137,16
DA:140,16
DA:141,2
DA:145,14
DA:146,1
DA:149,13
DA:150,13
DA:151,13
DA:153,13
DA:160,13
DA:163,13
DA:164,1
DA:168,12
DA:169,2
DA:173,10
DA:174,10
DA:177,10
DA:178,10
DA:179,10
DA:181,10
DA:188,5
DA:190,5
DA:191,7
DA:194,5
DA:196,9
DA:197,9
DA:198,9
DA:199,9
DA:200,9
DA:202,9
DA:203,6
DA:211,54
DA:215,5
DA:216,5
LF:74
LH:74
BRDA:21,0,0,2
BRDA:21,0,1,61
BRDA:21,1,0,63
BRDA:21,1,1,63
BRDA:26,2,0,1
BRDA:26,2,1,64
BRDA:26,3,0,65
BRDA:26,3,1,65
BRDA:26,3,2,64
BRDA:32,4,0,2
BRDA:32,4,1,61
BRDA:53,5,0,1
BRDA:53,5,1,60
BRDA:57,6,0,2
BRDA:57,6,1,58
BRDA:57,7,0,60
BRDA:57,7,1,60
BRDA:57,7,2,58
BRDA:99,8,0,2
BRDA:103,9,0,7
BRDA:103,9,1,3
BRDA:108,10,0,2
BRDA:108,10,1,8
BRDA:120,11,0,2
BRDA:120,11,1,34
BRDA:140,12,0,2
BRDA:140,12,1,14
BRDA:145,13,0,1
BRDA:145,13,1,13
BRDA:163,14,0,1
BRDA:163,14,1,12
BRDA:168,15,0,2
BRDA:168,15,1,10
BRDA:187,16,0,1
BRDA:190,17,0,4
BRDA:190,17,1,1
BRF:36
BRH:36
end_of_record
TN:
SF:src\modules\products\products.controller.js
FN:8,(anonymous_0)
FN:22,(anonymous_1)
FN:43,(anonymous_2)
FN:56,(anonymous_3)
FN:70,(anonymous_4)
FNF:5
FNH:5
FNDA:68,(anonymous_0)
FNDA:6,(anonymous_1)
FNDA:12,(anonymous_2)
FNDA:3,(anonymous_3)
FNDA:2,(anonymous_4)
DA:1,4
DA:2,4
DA:8,4
DA:9,68
DA:10,68
DA:12,67
DA:22,4
DA:23,6
DA:30,6
DA:32,6
DA:43,4
DA:44,12
DA:46,9
DA:56,4
DA:57,3
DA:58,3
DA:60,2
DA:70,4
DA:71,2
DA:73,2
DA:79,4
LF:21
LH:21
BRDA:25,0,0,1
BRDA:25,0,1,5
BRDA:26,1,0,1
BRDA:26,1,1,5
BRF:4
BRH:4
end_of_record
TN:
SF:src\modules\products\products.routes.js
FNF:0
FNH:0
DA:1,4
DA:2,4
DA:3,4
DA:4,4
DA:6,4
DA:7,4
DA:8,4
DA:9,4
DA:10,4
DA:12,4
LF:10
LH:10
BRF:0
BRH:0
end_of_record
TN:
SF:src\modules\products\products.service.js
FN:11,(anonymous_0)
FN:28,(anonymous_1)
FN:49,(anonymous_2)
FN:54,(anonymous_3)
FN:59,(anonymous_4)
FN:63,(anonymous_5)
FN:68,(anonymous_6)
FN:77,(anonymous_7)
FN:88,(anonymous_8)
FN:115,(anonymous_9)
FN:124,(anonymous_10)
FN:146,(anonymous_11)
FN:154,(anonymous_12)
FNF:13
FNH:13
FNDA:170,(anonymous_0)
FNDA:159,(anonymous_1)
FNDA:12,(anonymous_2)
FNDA:12,(anonymous_3)
FNDA:8,(anonymous_4)
FNDA:5,(anonymous_5)
FNDA:9,(anonymous_6)
FNDA:351,(anonymous_7)
FNDA:7,(anonymous_8)
FNDA:4,(anonymous_9)
FNDA:73,(anonymous_10)
FNDA:66,(anonymous_11)
FNDA:97,(anonymous_12)
DA:1,6
DA:2,6
DA:5,6
DA:12,170
DA:13,3
DA:16,167
DA:17,4
DA:20,163
DA:21,2
DA:29,159
DA:31,156
DA:42,156
DA:43,156
DA:50,12
DA:53,12
DA:54,12
DA:58,12
DA:59,8
DA:62,12
DA:63,5
DA:67,12
DA:68,9
DA:71,12
DA:78,351
DA:79,351
DA:80,9
DA:82,342
DA:89,7
DA:92,5
DA:93,5
DA:94,5
DA:96,5
DA:98,4
DA:108,4
DA:109,4
DA:116,4
DA:117,3
DA:118,3
DA:125,73
DA:127,73
DA:128,1
DA:131,72
DA:132,72
DA:133,1
DA:136,71
DA:137,71
DA:138,71
DA:140,71
DA:147,66
DA:148,66
DA:155,97
DA:159,6
LF:52
LH:52
BRDA:12,0,0,3
BRDA:12,0,1,167
BRDA:12,1,0,170
BRDA:12,1,1,167
BRDA:12,1,2,167
BRDA:16,2,0,4
BRDA:16,2,1,163
BRDA:16,3,0,167
BRDA:16,3,1,167
BRDA:16,3,2,167
BRDA:16,3,3,166
BRDA:20,4,0,2
BRDA:20,4,1,161
BRDA:20,5,0,163
BRDA:20,5,1,163
BRDA:20,5,2,163
BRDA:20,5,3,162
BRDA:34,6,0,156
BRDA:34,6,1,63
BRDA:37,7,0,156
BRDA:37,7,1,21
BRDA:49,8,0,1
BRDA:53,9,0,5
BRDA:53,9,1,7
BRDA:58,10,0,3
BRDA:58,10,1,9
BRDA:62,11,0,2
BRDA:62,11,1,10
BRDA:67,12,0,4
BRDA:67,12,1,8
BRDA:79,13,0,9
BRDA:79,13,1,342
BRDA:92,14,0,2
BRDA:92,14,1,3
BRDA:93,15,0,5
BRDA:93,15,1,0
BRDA:94,16,0,2
BRDA:94,16,1,3
BRDA:101,17,0,1
BRDA:101,17,1,3
BRDA:104,18,0,0
BRDA:104,18,1,4
BRDA:127,19,0,1
BRDA:127,19,1,72
BRDA:132,20,0,1
BRDA:132,20,1,71
BRDA:146,21,0,1
BRF:47
BRH:45
end_of_record
TN:
SF:src\utils\errors.js
FN:2,(anonymous_0)
FN:11,(anonymous_1)
FN:17,(anonymous_2)
FN:23,(anonymous_3)
FN:29,(anonymous_4)
FN:35,(anonymous_5)
FNF:6
FNH:5
FNDA:65,(anonymous_0)
FNDA:34,(anonymous_1)
FNDA:18,(anonymous_2)
FNDA:0,(anonymous_3)
FNDA:11,(anonymous_4)
FNDA:2,(anonymous_5)
DA:3,65
DA:4,65
DA:5,65
DA:6,65
DA:12,34
DA:18,18
DA:24,0
DA:30,11
DA:36,2
DA:40,7
LF:10
LH:9
BRDA:17,0,0,0
BRDA:23,1,0,0
BRDA:29,2,0,0
BRF:3
BRH:0
end_of_record
TN:
SF:src\utils\logger.js
FN:4,(anonymous_0)
FN:10,(anonymous_1)
FN:16,(anonymous_2)
FN:22,(anonymous_3)
FNF:4
FNH:2
FNDA:220,(anonymous_0)
FNDA:27,(anonymous_1)
FNDA:0,(anonymous_2)
FNDA:0,(anonymous_3)
DA:1,4
DA:5,220
DA:6,0
DA:11,27
DA:12,0
DA:17,0
DA:18,0
DA:23,0
DA:24,0
DA:29,4
LF:10
LH:4
BRDA:4,0,0,220
BRDA:5,1,0,0
BRDA:5,1,1,220
BRDA:10,2,0,0
BRDA:11,3,0,0
BRDA:11,3,1,27
BRDA:16,4,0,0
BRDA:17,5,0,0
BRDA:17,5,1,0
BRDA:22,6,0,0
BRDA:23,7,0,0
BRDA:23,7,1,0
BRF:12
BRH:3
end_of_record
